<?xml version="1.0" encoding="UTF-8"?>
<!-- Generated by org.testng.reporters.JUnitReportReporter -->
<testsuite hostname="DESKTOP-EFP5MBC" failures="0" tests="1" name="basicweb.StreamsTest" time="0.013" errors="0" timestamp="2023-04-12T10:56:22 ICT" skipped="0">
  <testcase classname="basicweb.StreamsTest" name="streamFilter" time="0.013"/>
  <system-out/>
</testsuite> <!-- basicweb.StreamsTest -->
