<?xml version="1.0" encoding="UTF-8"?>
<!-- Generated by org.testng.reporters.JUnitReportReporter -->
<testsuite hostname="DESKTOP-EFP5MBC" failures="0" tests="2" name="test.Day2" time="0.002" errors="0" timestamp="2023-04-18T11:12:45 ICT" skipped="0">
  <testcase classname="test.Day2" name="Day2_f2" time="0.001"/>
  <system-out/>
  <testcase classname="test.Day2" name="Day2_f1" time="0.001"/>
  <system-out/>
</testsuite> <!-- test.Day2 -->
