<?xml version="1.0" encoding="UTF-8"?>
<!-- Generated by org.testng.reporters.JUnitReportReporter -->
<testsuite hostname="DESKTOP-EFP5MBC" failures="0" tests="3" name="test.Day1" time="0.009" errors="0" timestamp="2023-04-18T11:12:45 ICT" skipped="0">
  <testcase classname="test.Day1" name="Day1_f4_dataProvider" time="0.001"/>
  <system-out/>
  <testcase classname="test.Day1" name="Day1_f4_dataProvider" time="0.001"/>
  <system-out/>
  <testcase classname="test.Day1" name="Day1_f4_dataProvider" time="0.007"/>
  <system-out/>
</testsuite> <!-- test.Day1 -->
